[2026-02-06 20:57:23] [info] Initializing GameLift SDK
[2026-02-06 20:57:23] [info] Created Instance
[2026-02-06 20:57:23] [info] Initializing Networking
[2026-02-06 20:57:23] [info] Setting Up WebSocket With default callbacks
[2026-02-06 20:57:23] [info] Registering GameLift CallBack for: CreateGameSession
[2026-02-06 20:57:23] [info] Registering GameLift CallBack for: DescribePlayerSessions
[2026-02-06 20:57:23] [info] Registering GameLift CallBack for: GetComputeCertificate
[2026-02-06 20:57:23] [info] Registering GameLift CallBack for: GetFleetRoleCredentials
[2026-02-06 20:57:23] [info] Registering GameLift CallBack for: TerminateProcess
[2026-02-06 20:57:23] [info] Registering GameLift CallBack for: UpdateGameSession
[2026-02-06 20:57:23] [info] Registering GameLift CallBack for: StartMatchBackfill
[2026-02-06 20:57:23] [info] Registering GameLift CallBack for: RefreshConnection
[2026-02-06 20:57:23] [error] Networking outcome failure when init SDK
[2026-02-06 20:57:23] [info] Initializing GameLift SDK
[2026-02-06 20:57:23] [info] Destroying WebsocketPPClientWrapper
[2026-02-06 20:57:23] [info] Initializing GameLift SDK
[2026-02-06 20:57:23] [info] Destroying WebsocketPPClientWrapper
[2026-02-06 20:57:23] [info] Initializing GameLift SDK
[2026-02-06 20:57:23] [info] Destroying WebsocketPPClientWrapper
[2026-02-06 20:57:23] [info] Initializing GameLift SDK
[2026-02-06 20:57:23] [info] Destroying WebsocketPPClientWrapper
[2026-02-06 20:57:23] [info] Initializing GameLift SDK
[2026-02-06 20:57:23] [info] Destroying WebsocketPPClientWrapper
[2026-02-06 20:57:23] [info] Initializing GameLift SDK
[2026-02-06 20:57:23] [info] Destroying WebsocketPPClientWrapper
[2026-02-06 20:57:23] [info] Initializing GameLift SDK
[2026-02-06 20:57:23] [info] Destroying WebsocketPPClientWrapper
[2026-02-06 20:57:23] [info] Initializing GameLift SDK
[2026-02-06 20:57:23] [info] Destroying WebsocketPPClientWrapper
[2026-02-06 20:57:23] [info] Initializing GameLift SDK
[2026-02-06 20:57:23] [info] Destroying WebsocketPPClientWrapper
[2026-02-06 20:57:59] [info] Initializing GameLift SDK
[2026-02-06 20:57:59] [info] Created Instance
[2026-02-06 20:57:59] [info] Initializing Networking
[2026-02-06 20:57:59] [info] Setting Up WebSocket With default callbacks
[2026-02-06 20:57:59] [info] Registering GameLift CallBack for: CreateGameSession
[2026-02-06 20:57:59] [info] Registering GameLift CallBack for: DescribePlayerSessions
[2026-02-06 20:57:59] [info] Registering GameLift CallBack for: GetComputeCertificate
[2026-02-06 20:57:59] [info] Registering GameLift CallBack for: GetFleetRoleCredentials
[2026-02-06 20:57:59] [info] Registering GameLift CallBack for: TerminateProcess
[2026-02-06 20:57:59] [info] Registering GameLift CallBack for: UpdateGameSession
[2026-02-06 20:57:59] [info] Registering GameLift CallBack for: StartMatchBackfill
[2026-02-06 20:57:59] [info] Registering GameLift CallBack for: RefreshConnection
[2026-02-06 20:57:59] [error] Networking outcome failure when init SDK
[2026-02-06 20:57:59] [info] Initializing GameLift SDK
[2026-02-06 20:57:59] [info] Destroying WebsocketPPClientWrapper
[2026-02-06 20:57:59] [info] Initializing GameLift SDK
[2026-02-06 20:57:59] [info] Destroying WebsocketPPClientWrapper
[2026-02-06 20:57:59] [info] Initializing GameLift SDK
[2026-02-06 20:57:59] [info] Destroying WebsocketPPClientWrapper
[2026-02-06 20:57:59] [info] Initializing GameLift SDK
[2026-02-06 20:57:59] [info] Destroying WebsocketPPClientWrapper
[2026-02-06 20:57:59] [info] Initializing GameLift SDK
[2026-02-06 20:57:59] [info] Destroying WebsocketPPClientWrapper
[2026-02-06 20:57:59] [info] Initializing GameLift SDK
[2026-02-06 20:57:59] [info] Destroying WebsocketPPClientWrapper
[2026-02-06 20:57:59] [info] Initializing GameLift SDK
[2026-02-06 20:57:59] [info] Destroying WebsocketPPClientWrapper
[2026-02-06 20:57:59] [info] Initializing GameLift SDK
[2026-02-06 20:57:59] [info] Destroying WebsocketPPClientWrapper
[2026-02-06 20:57:59] [info] Initializing GameLift SDK
[2026-02-06 20:57:59] [info] Destroying WebsocketPPClientWrapper
[2026-02-06 21:00:27] [info] Initializing GameLift SDK
[2026-02-06 21:00:27] [info] Created Instance
[2026-02-06 21:00:27] [info] Initializing Networking
[2026-02-06 21:00:27] [info] Setting Up WebSocket With default callbacks
[2026-02-06 21:00:27] [info] Registering GameLift CallBack for: CreateGameSession
[2026-02-06 21:00:27] [info] Registering GameLift CallBack for: DescribePlayerSessions
[2026-02-06 21:00:27] [info] Registering GameLift CallBack for: GetComputeCertificate
[2026-02-06 21:00:27] [info] Registering GameLift CallBack for: GetFleetRoleCredentials
[2026-02-06 21:00:27] [info] Registering GameLift CallBack for: TerminateProcess
[2026-02-06 21:00:27] [info] Registering GameLift CallBack for: UpdateGameSession
[2026-02-06 21:00:27] [info] Registering GameLift CallBack for: StartMatchBackfill
[2026-02-06 21:00:27] [info] Registering GameLift CallBack for: RefreshConnection
[2026-02-06 21:00:27] [error] Networking outcome failure when init SDK
[2026-02-06 21:00:27] [info] Initializing GameLift SDK
[2026-02-06 21:00:27] [info] Destroying WebsocketPPClientWrapper
[2026-02-06 21:00:27] [info] Initializing GameLift SDK
[2026-02-06 21:00:27] [info] Destroying WebsocketPPClientWrapper
[2026-02-06 21:00:28] [info] Initializing GameLift SDK
[2026-02-06 21:00:28] [info] Destroying WebsocketPPClientWrapper
[2026-02-06 21:00:28] [info] Initializing GameLift SDK
[2026-02-06 21:00:28] [info] Destroying WebsocketPPClientWrapper
[2026-02-06 21:00:28] [info] Initializing GameLift SDK
[2026-02-06 21:00:28] [info] Destroying WebsocketPPClientWrapper
[2026-02-06 21:00:28] [info] Initializing GameLift SDK
[2026-02-06 21:00:28] [info] Destroying WebsocketPPClientWrapper
[2026-02-06 21:00:28] [info] Initializing GameLift SDK
[2026-02-06 21:00:28] [info] Destroying WebsocketPPClientWrapper
[2026-02-06 21:00:28] [info] Initializing GameLift SDK
[2026-02-06 21:00:28] [info] Destroying WebsocketPPClientWrapper
[2026-02-06 21:00:28] [info] Initializing GameLift SDK
[2026-02-06 21:00:28] [info] Destroying WebsocketPPClientWrapper
[2026-02-06 21:01:54] [info] Initializing GameLift SDK
[2026-02-06 21:01:54] [info] Created Instance
[2026-02-06 21:01:54] [info] Initializing Networking
[2026-02-06 21:01:54] [info] Setting Up WebSocket With default callbacks
[2026-02-06 21:01:54] [info] Registering GameLift CallBack for: CreateGameSession
[2026-02-06 21:01:54] [info] Registering GameLift CallBack for: DescribePlayerSessions
[2026-02-06 21:01:54] [info] Registering GameLift CallBack for: GetComputeCertificate
[2026-02-06 21:01:54] [info] Registering GameLift CallBack for: GetFleetRoleCredentials
[2026-02-06 21:01:54] [info] Registering GameLift CallBack for: TerminateProcess
[2026-02-06 21:01:54] [info] Registering GameLift CallBack for: UpdateGameSession
[2026-02-06 21:01:54] [info] Registering GameLift CallBack for: StartMatchBackfill
[2026-02-06 21:01:54] [info] Registering GameLift CallBack for: RefreshConnection
[2026-02-06 21:01:54] [error] Networking outcome failure when init SDK
[2026-02-06 21:01:54] [info] Initializing GameLift SDK
[2026-02-06 21:01:54] [info] Destroying WebsocketPPClientWrapper
[2026-02-06 21:01:54] [info] Initializing GameLift SDK
[2026-02-06 21:01:54] [info] Destroying WebsocketPPClientWrapper
[2026-02-06 21:01:54] [info] Initializing GameLift SDK
[2026-02-06 21:01:54] [info] Destroying WebsocketPPClientWrapper
[2026-02-06 21:01:54] [info] Initializing GameLift SDK
[2026-02-06 21:01:54] [info] Destroying WebsocketPPClientWrapper
[2026-02-06 21:01:54] [info] Initializing GameLift SDK
[2026-02-06 21:01:54] [info] Destroying WebsocketPPClientWrapper
[2026-02-06 21:01:54] [info] Initializing GameLift SDK
[2026-02-06 21:01:54] [info] Destroying WebsocketPPClientWrapper
[2026-02-06 21:01:54] [info] Initializing GameLift SDK
[2026-02-06 21:01:54] [info] Destroying WebsocketPPClientWrapper
[2026-02-06 21:01:54] [info] Initializing GameLift SDK
[2026-02-06 21:01:54] [info] Destroying WebsocketPPClientWrapper
[2026-02-06 21:01:55] [info] Initializing GameLift SDK
[2026-02-06 21:01:55] [info] Destroying WebsocketPPClientWrapper
[2026-02-06 21:02:06] [info] Initializing GameLift SDK
[2026-02-06 21:02:06] [info] Created Instance
[2026-02-06 21:02:06] [info] Initializing Networking
[2026-02-06 21:02:06] [info] Setting Up WebSocket With default callbacks
[2026-02-06 21:02:06] [info] Registering GameLift CallBack for: CreateGameSession
[2026-02-06 21:02:06] [info] Registering GameLift CallBack for: DescribePlayerSessions
[2026-02-06 21:02:06] [info] Registering GameLift CallBack for: GetComputeCertificate
[2026-02-06 21:02:06] [info] Registering GameLift CallBack for: GetFleetRoleCredentials
[2026-02-06 21:02:06] [info] Registering GameLift CallBack for: TerminateProcess
[2026-02-06 21:02:06] [info] Registering GameLift CallBack for: UpdateGameSession
[2026-02-06 21:02:06] [info] Registering GameLift CallBack for: StartMatchBackfill
[2026-02-06 21:02:06] [info] Registering GameLift CallBack for: RefreshConnection
[2026-02-06 21:02:06] [error] Networking outcome failure when init SDK
[2026-02-06 21:02:06] [info] Initializing GameLift SDK
[2026-02-06 21:02:06] [info] Destroying WebsocketPPClientWrapper
[2026-02-06 21:02:06] [info] Initializing GameLift SDK
[2026-02-06 21:02:06] [info] Destroying WebsocketPPClientWrapper
[2026-02-06 21:02:06] [info] Initializing GameLift SDK
[2026-02-06 21:02:06] [info] Destroying WebsocketPPClientWrapper
[2026-02-06 21:02:06] [info] Initializing GameLift SDK
[2026-02-06 21:02:06] [info] Destroying WebsocketPPClientWrapper
[2026-02-06 21:02:06] [info] Initializing GameLift SDK
[2026-02-06 21:02:06] [info] Destroying WebsocketPPClientWrapper
[2026-02-06 21:02:06] [info] Initializing GameLift SDK
[2026-02-06 21:02:06] [info] Destroying WebsocketPPClientWrapper
[2026-02-06 21:02:06] [info] Initializing GameLift SDK
[2026-02-06 21:02:06] [info] Destroying WebsocketPPClientWrapper
[2026-02-06 21:02:06] [info] Initializing GameLift SDK
[2026-02-06 21:02:06] [info] Destroying WebsocketPPClientWrapper
[2026-02-06 21:02:06] [info] Initializing GameLift SDK
[2026-02-06 21:02:06] [info] Destroying WebsocketPPClientWrapper
[2026-02-06 21:14:45] [info] Initializing GameLift SDK
[2026-02-06 21:14:45] [info] Created Instance
[2026-02-06 21:14:45] [info] Initializing Networking
[2026-02-06 21:14:45] [info] Setting Up WebSocket With default callbacks
[2026-02-06 21:14:45] [info] Registering GameLift CallBack for: CreateGameSession
[2026-02-06 21:14:45] [info] Registering GameLift CallBack for: DescribePlayerSessions
[2026-02-06 21:14:45] [info] Registering GameLift CallBack for: GetComputeCertificate
[2026-02-06 21:14:45] [info] Registering GameLift CallBack for: GetFleetRoleCredentials
[2026-02-06 21:14:45] [info] Registering GameLift CallBack for: TerminateProcess
[2026-02-06 21:14:45] [info] Registering GameLift CallBack for: UpdateGameSession
[2026-02-06 21:14:45] [info] Registering GameLift CallBack for: StartMatchBackfill
[2026-02-06 21:14:45] [info] Registering GameLift CallBack for: RefreshConnection
[2026-02-06 21:14:45] [error] Networking outcome failure when init SDK
[2026-02-06 21:14:45] [info] Initializing GameLift SDK
[2026-02-06 21:14:45] [info] Destroying WebsocketPPClientWrapper
[2026-02-06 21:14:45] [info] Initializing GameLift SDK
[2026-02-06 21:14:45] [info] Destroying WebsocketPPClientWrapper
[2026-02-06 21:14:45] [info] Initializing GameLift SDK
[2026-02-06 21:14:45] [info] Destroying WebsocketPPClientWrapper
[2026-02-06 21:14:45] [info] Initializing GameLift SDK
[2026-02-06 21:14:45] [info] Destroying WebsocketPPClientWrapper
[2026-02-06 21:14:45] [info] Initializing GameLift SDK
[2026-02-06 21:14:45] [info] Destroying WebsocketPPClientWrapper
[2026-02-06 21:14:45] [info] Initializing GameLift SDK
[2026-02-06 21:14:45] [info] Destroying WebsocketPPClientWrapper
[2026-02-06 21:14:45] [info] Initializing GameLift SDK
[2026-02-06 21:14:45] [info] Destroying WebsocketPPClientWrapper
[2026-02-06 21:14:45] [info] Initializing GameLift SDK
[2026-02-06 21:14:45] [info] Destroying WebsocketPPClientWrapper
[2026-02-06 21:14:45] [info] Initializing GameLift SDK
[2026-02-06 21:14:45] [info] Destroying WebsocketPPClientWrapper
